{"level":"info","message":"memakan","timestamp":"2017-06-25T10:24:43.957Z"}
{"level":"info","message":"memakan","timestamp":"2017-06-25T10:25:44.979Z"}
{"level":"info","message":"memakan","timestamp":"2017-06-25T10:25:48.312Z"}
{"level":"info","message":"memakan","timestamp":"2017-06-25T10:26:28.389Z"}
{"level":"info","message":"memakan","timestamp":"2017-06-25T10:26:31.511Z"}
{"level":"info","message":"mengerjakan","timestamp":"2017-06-25T10:26:57.429Z"}
{"level":"info","message":"mengerjakan pekerjaan","timestamp":"2017-06-25T10:27:06.657Z"}
{"level":"info","message":"mengerjakan pekerjaan","timestamp":"2017-06-25T10:27:31.279Z"}
{"level":"info","message":"mengerjakan pekerjaan","timestamp":"2017-06-25T10:27:36.984Z"}
{"level":"info","message":"mengerjakan pekerjaan","timestamp":"2017-06-25T10:27:47.077Z"}
{"level":"info","message":"mengerjakan pekerjaan","timestamp":"2017-06-25T10:28:08.227Z"}
{"level":"info","message":"mengerjakan pekerjaan","timestamp":"2017-06-25T10:28:12.560Z"}
{"level":"info","message":"mengerjakan pekerjaan","timestamp":"2017-06-25T10:29:15.179Z"}
{"level":"info","message":"mengerjakan pekerjaan","timestamp":"2017-06-25T10:29:31.131Z"}
{"level":"info","message":"mengerjakan pekerjaan","timestamp":"2017-06-25T10:29:38.456Z"}
{"level":"info","message":"mengerjakan pekerjaan","timestamp":"2017-06-25T10:30:32.467Z"}
{"level":"info","message":"mengerjakan pekerjaan","timestamp":"2017-06-25T10:31:00.251Z"}
{"level":"info","message":"mengerjakan pekerjaan","timestamp":"2017-06-25T10:32:40.461Z"}
{"level":"info","message":"mengerjakan pekerjaan","timestamp":"2017-06-25T10:33:06.280Z"}
{"level":"info","message":"mengerjakan pekerjaan","timestamp":"2017-06-25T10:33:13.922Z"}
{"level":"info","message":"mengerjakan pekerjaan","timestamp":"2017-06-25T10:36:21.331Z"}
{"level":"info","message":"mengerjakan pekerjaan","timestamp":"2017-06-25T10:36:33.221Z"}
{"level":"info","message":"mengerjakan pekerjaan","timestamp":"2017-06-25T10:36:56.903Z"}
{"level":"info","message":"mengerjakan pekerjaan","timestamp":"2017-06-25T10:37:55.327Z"}
{"level":"info","message":"Pokemon goreng enak bergizi","timestamp":"2017-06-25T13:39:39.127Z"}
{"level":"info","message":"Memakan pekerjaan","timestamp":"2017-06-25T13:39:55.034Z"}
{"level":"info","message":"memakan pekerjaan","timestamp":"2017-06-25T13:40:12.771Z"}
{"level":"info","message":"memakan pekerjaan","timestamp":"2017-06-25T13:41:36.080Z"}
{"level":"info","message":"memakan pekerjaan","timestamp":"2017-06-25T13:41:40.394Z"}
{"level":"info","message":"memakan","timestamp":"2017-06-25T13:42:26.525Z"}
{"level":"info","message":"pekerjaan","timestamp":"2017-06-25T13:43:15.374Z"}
{"level":"info","message":"pekerjaan","timestamp":"2017-06-25T13:44:13.837Z"}
{"level":"info","message":"memakan","timestamp":"2017-06-25T13:46:01.121Z"}
{"level":"info","message":"memakan","timestamp":"2017-06-25T13:46:25.453Z"}
{"level":"info","message":"memakan","timestamp":"2017-06-25T13:47:24.848Z"}
{"level":"info","message":"memakan","timestamp":"2017-06-25T13:47:29.255Z"}
{"level":"info","message":"pekerjaan","timestamp":"2017-06-25T13:48:37.046Z"}
{"level":"info","message":"mengerjakan","timestamp":"2017-06-25T13:48:51.290Z"}
{"level":"info","message":"mengerjakan\r\nmemakan","timestamp":"2017-06-25T13:49:56.817Z"}
{"level":"info","message":"mengerjakan\r\nmemakan","timestamp":"2017-06-25T13:50:20.254Z"}
{"level":"info","message":"mengerjakan\r\nmemakan","timestamp":"2017-06-25T13:51:25.574Z"}
{"level":"info","message":"mengerjakan","timestamp":"2017-06-25T13:52:12.366Z"}
{"level":"info","message":"mengerjakan","timestamp":"2017-06-25T13:54:19.898Z"}
{"level":"info","message":"mengerjakan\r\nmemakan","timestamp":"2017-06-25T13:54:24.118Z"}
{"level":"info","message":"mengerjakan\r\nmemakan\r\nkesepakatan","timestamp":"2017-06-25T13:54:32.021Z"}
{"level":"info","message":"mengerjakan\r\nmemakan\r\nkesepakatan\r\npekerjaan","timestamp":"2017-06-25T13:54:37.778Z"}
{"level":"info","message":"memakan termakan kesepakatan bajumulah","timestamp":"2017-06-25T13:55:41.699Z"}
{"level":"info","message":"memakan termakan kesepakatan bajumulah","timestamp":"2017-06-25T14:00:59.514Z"}
{"level":"info","message":"memakan termakan kesepakatan bajumulah","timestamp":"2017-06-25T14:02:25.440Z"}
{"level":"info","message":"memakan termakan kesepakatan bajumulah","timestamp":"2017-06-25T14:03:29.273Z"}
{"level":"info","message":"memakan termakan kesepakatan bajumulah","timestamp":"2017-06-25T14:06:54.341Z"}
{"level":"info","message":"memakan termakan kesepakatan bajumulah","timestamp":"2017-06-25T14:07:06.192Z"}
{"level":"info","message":"memakan termakan kesepakatan bajumulah\r\nHUAHUAHUAHUA","timestamp":"2017-06-25T14:09:35.431Z"}
{"level":"info","message":"memakan","timestamp":"2017-06-26T02:59:19.576Z"}
{"level":"info","message":"Memakan","timestamp":"2017-06-26T02:59:23.780Z"}
{"level":"info","message":"Memakan","timestamp":"2017-06-26T03:15:24.290Z"}
{"level":"info","message":"Memakan","timestamp":"2017-06-26T12:25:50.240Z"}
{"level":"info","message":"Besaran kilogram menyatakan","timestamp":"2017-06-26T12:26:12.708Z"}
{"level":"info","message":"menyatakan","timestamp":"2017-06-26T12:26:20.505Z"}
{"level":"info","message":"mempelajari","timestamp":"2017-06-26T12:30:04.672Z"}
{"level":"info","message":"menyatakan","timestamp":"2017-06-26T12:34:56.920Z"}
{"level":"info","message":"asd","timestamp":"2017-06-26T13:13:23.725Z"}
{"level":"info","message":"asd","timestamp":"2017-06-26T13:14:23.360Z"}
{"level":"info","message":"asd","timestamp":"2017-06-26T13:16:19.560Z"}
{"level":"info","message":"asd","timestamp":"2017-06-26T13:16:40.807Z"}
{"level":"info","message":"asd","timestamp":"2017-06-26T13:17:12.068Z"}
{"level":"info","message":"asd","timestamp":"2017-06-26T13:17:14.650Z"}
{"level":"info","message":"asd","timestamp":"2017-06-26T13:18:09.570Z"}
{"level":"info","message":"asd","timestamp":"2017-06-26T13:18:10.840Z"}
{"level":"info","message":"asd","timestamp":"2017-06-26T13:18:53.018Z"}
{"level":"info","message":"asd","timestamp":"2017-06-26T13:19:13.861Z"}
{"level":"info","message":"asd","timestamp":"2017-06-26T13:19:27.904Z"}
{"level":"info","message":"asd","timestamp":"2017-06-26T13:19:41.460Z"}
{"level":"info","message":"asd","timestamp":"2017-06-26T13:19:57.419Z"}
{"level":"info","message":"asd","timestamp":"2017-06-26T13:20:12.909Z"}
{"level":"info","message":"asd","timestamp":"2017-06-26T13:20:30.439Z"}
{"level":"info","message":"asd asdsdsd","timestamp":"2017-06-26T13:20:34.301Z"}
{"level":"info","message":"asd asdsdsd","timestamp":"2017-06-26T13:20:54.532Z"}
{"level":"info","message":"Theo memakan sate","timestamp":"2017-06-26T13:21:35.462Z"}
{"level":"info","message":"asd","timestamp":"2017-06-26T13:21:40.425Z"}
{"level":"info","message":"asdasdasd","timestamp":"2017-06-26T13:21:43.019Z"}
{"level":"info","message":"Hhehueheuhe","timestamp":"2017-06-26T13:21:47.161Z"}
{"level":"info","message":"Theo Tanadi menyukai rumput laut","timestamp":"2017-06-26T13:22:02.202Z"}
{"level":"info","message":"Theo Tanadi menyukai rumput laut","timestamp":"2017-06-26T13:25:01.089Z"}
{"level":"info","message":"Theo Tanadi menyukai rumput laut","timestamp":"2017-06-26T13:25:12.212Z"}
{"level":"info","message":"Theo Tanadi menyukai rumput laut","timestamp":"2017-06-26T13:25:17.549Z"}
{"level":"info","message":"Theo Tanadi menyukai rumput laut","timestamp":"2017-06-26T13:25:52.161Z"}
{"level":"info","message":"Theo suka\r\nMakan nasi\r\nGoreng","timestamp":"2017-06-26T13:26:08.436Z"}
{"level":"info","message":"Theo suka\r\nMakan nasi\r\nGoreng","timestamp":"2017-06-26T13:27:46.213Z"}
{"level":"info","message":"Theo suka\r\nMakan nasi\r\nGoreng","timestamp":"2017-06-26T13:30:13.364Z"}
{"level":"info","message":"Theo suka\r\nMakan nasi\r\nGoreng","timestamp":"2017-06-26T13:30:16.588Z"}
{"level":"info","message":"Theo suka\r\nMakan nasi\r\nGoreng","timestamp":"2017-06-26T13:33:59.098Z"}
{"level":"info","message":"Theo suka\r\nMakan nasi\r\nGoreng","timestamp":"2017-06-26T13:36:58.007Z"}
{"level":"info","message":"Theo suka\r\nMakan nasi\r\nGoreng","timestamp":"2017-06-26T13:37:00.113Z"}
{"level":"info","message":"Theo suka\r\nMakan nasi\r\nGoreng\\asdasd\r\nasdasdasdasd","timestamp":"2017-06-26T13:37:05.048Z"}
{"level":"info","message":"Theo suka\r\nMakan nasi\r\nGoreng\\asdasd\r\nasdasdasdasd","timestamp":"2017-06-26T13:38:13.032Z"}
{"level":"info","message":"Theo suka\r\nMakan nasi\r\nGoreng\\asdasd\r\nasdasdasdasd","timestamp":"2017-06-26T13:38:52.503Z"}
{"level":"info","message":"Theo suka\r\nMakan nasi\r\nGoreng\\asdasd\r\nasdasdasdasd","timestamp":"2017-06-26T13:39:09.642Z"}
{"level":"info","message":"Theo suka\r\nMakan nasi\r\nGoreng\\asdasd\r\nasdasdasdasd","timestamp":"2017-06-26T13:39:12.021Z"}
{"level":"info","message":"Theo suka\r\nMakan nasi\r\nGoreng\\asdasd\r\nasdasdasdasd","timestamp":"2017-06-26T13:40:34.141Z"}
{"level":"info","message":"Theo suka\r\nMakan nasi\r\nGoreng\\asdasd\r\nasdasdasdasd","timestamp":"2017-06-26T13:40:45.512Z"}
{"level":"info","message":"Theo suka\r\nMakan nasi\r\nGoreng\\asdasd\r\nasdasdasdasd","timestamp":"2017-06-26T13:40:51.072Z"}
{"level":"info","message":"Theo Tanadi\r\nMakan Nasi","timestamp":"2017-06-26T13:41:07.858Z"}
{"level":"info","message":"Theo Tanadi\r\nMakan Nasi","timestamp":"2017-06-26T13:41:45.582Z"}
{"level":"info","message":"Theo Tanadi\r\nMakan Nasi","timestamp":"2017-06-26T13:42:05.808Z"}
{"level":"info","message":"Theo Tanadi\r\nMakan Nasi","timestamp":"2017-06-26T13:42:08.422Z"}
{"level":"info","message":"Theo Tanadi\r\nMakan Nasi","timestamp":"2017-06-26T13:42:24.241Z"}
{"level":"info","message":"Theo Tanadi\r\nMakan Nasi","timestamp":"2017-06-26T13:44:38.737Z"}
{"level":"info","message":"Theo Tanadi\r\nMakan Nasi","timestamp":"2017-06-26T13:45:41.997Z"}
{"level":"info","message":"Theo Tanadi\r\nMakan Nasi","timestamp":"2017-06-26T13:45:50.111Z"}
{"level":"info","message":"Theo Tanadi\r\nMakan Nasi","timestamp":"2017-06-26T13:46:21.928Z"}
{"level":"info","message":"Theo Tanadi\r\nMakan Nasi","timestamp":"2017-06-26T13:46:40.942Z"}
{"level":"info","message":"Theo Tanadi\r\nMakan Nasi","timestamp":"2017-06-26T13:47:37.855Z"}
{"level":"info","message":"Theo Tanadi\r\nMakan Nasi","timestamp":"2017-06-26T13:47:55.799Z"}
{"level":"info","message":"Theo Tanadi\r\nMakan Nasi","timestamp":"2017-06-26T13:47:58.533Z"}
{"level":"info","message":"Theo Tanadi\r\nMakan Nasi","timestamp":"2017-06-26T13:48:23.183Z"}
{"level":"info","message":"Theo Tanadi\r\nMakan Nasi","timestamp":"2017-06-26T13:48:25.597Z"}
{"level":"info","message":"Theo Tanadi\r\nMakan Nasi","timestamp":"2017-06-26T13:48:39.240Z"}
{"level":"info","message":"Theo Tanadi\r\nMakan Nasi","timestamp":"2017-06-26T13:48:58.299Z"}
{"level":"info","message":"Theo Tanadi\r\nMakan Nasi","timestamp":"2017-06-26T13:49:18.155Z"}
{"level":"info","message":"Theo Tanadi\r\nMakan Nasi","timestamp":"2017-06-26T13:49:20.926Z"}
{"level":"info","message":"Theo Tanadi\r\nMakan Nasi","timestamp":"2017-06-26T13:50:42.810Z"}
{"level":"info","message":"Theo Tanadi\r\nMakan Nasi","timestamp":"2017-06-26T13:52:11.235Z"}
{"level":"info","message":"Theo Tanadi\r\nMakan Nasi","timestamp":"2017-06-26T13:52:13.520Z"}
{"level":"info","message":"Theo Tanadi\r\nMakan Nasi","timestamp":"2017-06-26T13:54:47.778Z"}
{"level":"info","message":"Theo Tanadi\r\nMakan Nasi","timestamp":"2017-06-26T13:59:06.437Z"}
{"level":"info","message":"Theo Tanadi\r\nMakan Nasi","timestamp":"2017-06-26T13:59:45.181Z"}
{"level":"info","message":"Theo Tanadi\r\nMakan Nasi","timestamp":"2017-06-26T13:59:53.050Z"}
{"level":"info","message":"Theo Tanadi\r\nMakan Nasi","timestamp":"2017-06-26T14:00:17.124Z"}
{"level":"info","message":"Theo Tanadi\r\nMakan Nasi","timestamp":"2017-06-26T14:02:05.983Z"}
{"level":"info","message":"Theo Tanadi\r\nMakan Nasi","timestamp":"2017-06-26T14:02:16.369Z"}
{"level":"info","message":"Theo Tanadi\r\nMakan Nasi","timestamp":"2017-06-26T14:03:25.124Z"}
{"level":"info","message":"Theo Tanadi\r\nMakan Nasi","timestamp":"2017-06-26T14:04:03.083Z"}
{"level":"info","message":"Theo Tanadi\r\nMakan Nasi","timestamp":"2017-06-26T14:05:18.763Z"}
{"level":"info","message":"Theo Tanadi\r\nMakan Nasi","timestamp":"2017-06-26T14:05:40.881Z"}
{"level":"info","message":"Theo Tanadi\r\nMakan Nasi","timestamp":"2017-06-26T14:06:25.121Z"}
{"level":"info","message":"Theo Tanadi\r\nMakan Nasi","timestamp":"2017-06-26T14:06:28.784Z"}
{"level":"info","message":"Theo Tanadi\r\nMakan Nasi","timestamp":"2017-06-26T14:06:56.908Z"}
{"level":"info","message":"Theo Tanadi\r\nMakan Nasi","timestamp":"2017-06-26T14:08:32.647Z"}
{"level":"info","message":"Theo Tanadi\r\nMakan Nasi","timestamp":"2017-06-26T14:08:45.614Z"}
{"level":"info","message":"Theo Tanadi\r\nMakan Nasi","timestamp":"2017-06-26T14:09:40.937Z"}
{"level":"info","message":"Theo Tanadi\r\nMakan Nasi","timestamp":"2017-06-26T14:09:43.185Z"}
{"level":"info","message":"Theo Tanadi\r\nMakan Nasi","timestamp":"2017-06-26T14:12:44.126Z"}
{"level":"info","message":"Pekerjaan menguras tenaga.\r\nBermain menyenangkan.","timestamp":"2017-06-26T14:15:20.459Z"}
{"level":"info","message":"Pagi yang menyenangkan.\r\nBermain bersama perasaan.","timestamp":"2017-06-26T14:27:41.204Z"}
{"level":"info","message":"Pagi yang menyenangkan.\r\nBermain bersama perasaan.","timestamp":"2017-06-26T14:28:54.146Z"}
{"level":"info","message":"Pagi yang menyenangkan.\r\nBermain bersama perasaan.","timestamp":"2017-06-26T14:29:43.582Z"}
{"level":"info","message":"Pagi yang menyenangkan.\r\nBermain bersama perasaan.","timestamp":"2017-06-26T14:31:09.478Z"}
{"level":"info","message":"Pagi yang menyenangkan.\r\nBermain bersama perasaan.","timestamp":"2017-06-26T14:31:25.194Z"}
{"level":"info","message":"Pagi yang menyenangkan.\r\nBermain bersama perasaan.","timestamp":"2017-06-26T14:34:22.398Z"}
{"level":"info","message":"Pagi yang menyenangkan.\r\nBermain bersama perasaan.","timestamp":"2017-06-26T14:36:58.322Z"}
{"level":"info","message":"Theo Tanadi","timestamp":"2017-06-26T14:39:43.962Z"}
{"level":"info","message":"perasaan","timestamp":"2017-06-26T14:40:49.313Z"}
{"level":"info","message":"perapian","timestamp":"2017-06-26T14:50:49.718Z"}
{"level":"info","message":"perapian","timestamp":"2017-06-26T14:53:45.920Z"}
{"level":"info","message":"perapian","timestamp":"2017-06-26T14:54:11.271Z"}
{"level":"info","message":"perapian","timestamp":"2017-06-26T14:54:13.887Z"}
{"level":"info","message":"poekon sadkoaskd","timestamp":"2017-06-26T14:54:22.599Z"}
{"level":"info","message":"KAODKAOWD","timestamp":"2017-06-26T16:50:23.046Z"}
{"level":"info","message":"KAODKAOWD","timestamp":"2017-06-26T16:50:36.982Z"}
{"level":"info","message":"KAODKAOWD","timestamp":"2017-06-26T16:50:39.951Z"}
{"level":"info","message":"Theo Tanadi","timestamp":"2017-06-26T16:51:57.272Z"}
{"level":"info","message":"Theo Tanadi\r\nMakan sate","timestamp":"2017-06-26T16:52:02.150Z"}
{"level":"info","message":"Theo Tanadi\r\nMakan sate","timestamp":"2017-06-26T16:54:52.180Z"}
{"level":"info","message":"Theo Tanadi\r\nMakan sate","timestamp":"2017-06-26T16:55:04.217Z"}
{"level":"info","message":"Theo Tanadi\r\nMakan sate","timestamp":"2017-06-26T16:56:33.134Z"}
{"level":"info","message":"Serang - Kertas selebaran bernada teror dan ancaman ditemukan di wiper mobil milik polisi di pos polisi lalu lintas Polres Serang Kota di Jalan Veteran dekat alun-alun kota. Ancaman ditunjukan kepada kepolisian dan rencana teror di beberapa tempat.\r\n\r\nKapolres Serang Kota AKBP Komarudin membenarkan temuan selebaran tersebut. Kertas bernada ancaman ditemukan oleh salah satu anggota pada hari ini sekitar pukul 12.00 WIB dan langsung dilaporkan kepada jajaran kepolisian.\r\n\r\n\"Jadi memang betul ada ditemukan selebaran oleh anggota kami di kendaraan dinas patroli lalu lintas yang saat itu terparkir di pos lalin (lalu lintas). Sementara ini dilakukan oleh orang yang tidak bertanggungjawab dan tentunya sejauh ini baru sebatas ingin membuat keresahan,\" kata Komarudin saat dikonfirmasi detikcom,Senin (26/6/2017).","timestamp":"2017-06-26T16:58:23.627Z"}
{"level":"info","message":"di","timestamp":"2017-06-26T16:58:58.368Z"}
{"level":"info","message":"di","timestamp":"2017-06-26T17:01:32.948Z"}
{"level":"info","message":"Serang - Kertas selebaran bernada teror dan ancaman ditemukan di wiper mobil milik polisi di pos polisi lalu lintas Polres Serang Kota di Jalan Veteran dekat alun-alun kota. Ancaman ditunjukan kepada kepolisian dan rencana teror di beberapa tempat.\r\n\r\nKapolres Serang Kota AKBP Komarudin membenarkan temuan selebaran tersebut. Kertas bernada ancaman ditemukan oleh salah satu anggota pada hari ini sekitar pukul 12.00 WIB dan langsung dilaporkan kepada jajaran kepolisian.\r\n\r\n\"Jadi memang betul ada ditemukan selebaran oleh anggota kami di kendaraan dinas patroli lalu lintas yang saat itu terparkir di pos lalin (lalu lintas). Sementara ini dilakukan oleh orang yang tidak bertanggungjawab dan tentunya sejauh ini baru sebatas ingin membuat keresahan,\" kata Komarudin saat dikonfirmasi detikcom,Senin (26/6/2017).","timestamp":"2017-06-26T17:02:46.001Z"}
{"level":"info","message":"Serang - Kertas selebaran bernada teror dan ancaman ditemukan di wiper mobil milik polisi di pos polisi lalu lintas Polres Serang Kota di Jalan Veteran dekat alun-alun kota. Ancaman ditunjukan kepada kepolisian dan rencana teror di beberapa tempat.\r\n\r\nKapolres Serang Kota AKBP Komarudin membenarkan temuan selebaran tersebut. Kertas bernada ancaman ditemukan oleh salah satu anggota pada hari ini sekitar pukul 12.00 WIB dan langsung dilaporkan kepada jajaran kepolisian.\r\n\r\n\"Jadi memang betul ada ditemukan selebaran oleh anggota kami di kendaraan dinas patroli lalu lintas yang saat itu terparkir di pos lalin (lalu lintas). Sementara ini dilakukan oleh orang yang tidak bertanggungjawab dan tentunya sejauh ini baru sebatas ingin membuat keresahan,\" kata Komarudin saat dikonfirmasi detikcom,Senin (26/6/2017).","timestamp":"2017-06-26T17:03:17.619Z"}
{"level":"info","message":"Serang - Kertas selebaran bernada teror dan ancaman ditemukan di wiper mobil milik polisi di pos polisi lalu lintas Polres Serang Kota di Jalan Veteran dekat alun-alun kota. Ancaman ditunjukan kepada kepolisian dan rencana teror di beberapa tempat.\r\n\r\nKapolres Serang Kota AKBP Komarudin membenarkan temuan selebaran tersebut. Kertas bernada ancaman ditemukan oleh salah satu anggota pada hari ini sekitar pukul 12.00 WIB dan langsung dilaporkan kepada jajaran kepolisian.\r\n\r\n\"Jadi memang betul ada ditemukan selebaran oleh anggota kami di kendaraan dinas patroli lalu lintas yang saat itu terparkir di pos lalin (lalu lintas). Sementara ini dilakukan oleh orang yang tidak bertanggungjawab dan tentunya sejauh ini baru sebatas ingin membuat keresahan,\" kata Komarudin saat dikonfirmasi detikcom,Senin (26/6/2017).","timestamp":"2017-06-26T17:03:50.342Z"}
{"level":"info","message":"Jakarta - Hari ini jalan tol darurat Gringsing mengarah ke Brebes mulai dibuka menjelang arus balik Lebaran. Tercatat, ada 8.314 kendaraan yang melewati tol darurat tersebut. Hasil ini merupakan rekapitulasi pada pukul 12.00-18.00 WIB.\r\n\r\n\"Kendaraan roda empat yang masuk tol itu jumlahnya 8.314 unit,\" jelas operator call center Batang-Semarang Toll Road (BSTR) dari Satlantas Polres Batang, Bripda Restu, saat dihubungi detikcom, Senin (26/6/2017) malam.\r\n\r\nSatlantas Polres Batang melakukan pemantauan volume kendaraan yang melintasi tol darurat tersebut setiap 6 jam.\r\n\r\n\"Kami update setiap 6 jam. Data tadi adalah hasil rekap pukul 12.00 WIB sampai 18.00 WIB,\" kata Restu.\r\n\r\nDia menambahkan, kondisi arus balik mudik di ruas tol darurat saat ini kondusif. \"Masih lancar,\" ucap dia.\r\n\r\nTol darurat Gringsing-Brebes, yang sebelumnya ditutup karena ada perbaikan, mulai dibuka. Namun tol ini dibuka satu arah, hanya untuk arus balik.\r\n\r\n\"Exit Gringsing (Gringxit) mulai dibuka untuk arus balik hari ini,\" ujar juru bicara PT Jasa Marga Semarang-Batang, Iwan Abriyanto, dalam pesan singkatnya kepada wartawan, Senin (26/6).\r\n\r\nDengan dibukanya tol darurat ini untuk arus balik, kendaraan dari arah Jakarta menuju Semarang tidak boleh melintas. Tol darurat ini hanya untuk kendaraan yang melintas dari Semarang ke Jakarta.\r\n\r\n\"Petugas juga sudah memasang rambu untuk arus balik,\" ucapnya. ","timestamp":"2017-06-26T17:06:35.589Z"}
{"level":"info","message":"Jakarta - Hari ini jalan tol darurat Gringsing mengarah ke Brebes mulai dibuka menjelang arus balik Lebaran. Tercatat, ada 8.314 kendaraan yang melewati tol darurat tersebut. Hasil ini merupakan rekapitulasi pada pukul 12.00-18.00 WIB.\r\n\r\n\"Kendaraan roda empat yang masuk tol itu jumlahnya 8.314 unit,\" jelas operator call center Batang-Semarang Toll Road (BSTR) dari Satlantas Polres Batang, Bripda Restu, saat dihubungi detikcom, Senin (26/6/2017) malam.\r\n\r\nSatlantas Polres Batang melakukan pemantauan volume kendaraan yang melintasi tol darurat tersebut setiap 6 jam.\r\n\r\n\"Kami update setiap 6 jam. Data tadi adalah hasil rekap pukul 12.00 WIB sampai 18.00 WIB,\" kata Restu.\r\n\r\nDia menambahkan, kondisi arus balik mudik di ruas tol darurat saat ini kondusif. \"Masih lancar,\" ucap dia.\r\n\r\nTol darurat Gringsing-Brebes, yang sebelumnya ditutup karena ada perbaikan, mulai dibuka. Namun tol ini dibuka satu arah, hanya untuk arus balik.\r\n\r\n\"Exit Gringsing (Gringxit) mulai dibuka untuk arus balik hari ini,\" ujar juru bicara PT Jasa Marga Semarang-Batang, Iwan Abriyanto, dalam pesan singkatnya kepada wartawan, Senin (26/6).\r\n\r\nDengan dibukanya tol darurat ini untuk arus balik, kendaraan dari arah Jakarta menuju Semarang tidak boleh melintas. Tol darurat ini hanya untuk kendaraan yang melintas dari Semarang ke Jakarta.\r\n\r\n\"Petugas juga sudah memasang rambu untuk arus balik,\" ucapnya. ","timestamp":"2017-06-26T17:08:39.697Z"}
{"level":"info","message":"Jakarta - Hari ini jalan tol darurat Gringsing mengarah ke Brebes mulai dibuka menjelang arus balik Lebaran. Tercatat, ada 8.314 kendaraan yang melewati tol darurat tersebut. Hasil ini merupakan rekapitulasi pada pukul 12.00-18.00 WIB.\r\n\r\n\"Kendaraan roda empat yang masuk tol itu jumlahnya 8.314 unit,\" jelas operator call center Batang-Semarang Toll Road (BSTR) dari Satlantas Polres Batang, Bripda Restu, saat dihubungi detikcom, Senin (26/6/2017) malam.\r\n\r\nSatlantas Polres Batang melakukan pemantauan volume kendaraan yang melintasi tol darurat tersebut setiap 6 jam.\r\n\r\n\"Kami update setiap 6 jam. Data tadi adalah hasil rekap pukul 12.00 WIB sampai 18.00 WIB,\" kata Restu.\r\n\r\nDia menambahkan, kondisi arus balik mudik di ruas tol darurat saat ini kondusif. \"Masih lancar,\" ucap dia.\r\n\r\nTol darurat Gringsing-Brebes, yang sebelumnya ditutup karena ada perbaikan, mulai dibuka. Namun tol ini dibuka satu arah, hanya untuk arus balik.\r\n\r\n\"Exit Gringsing (Gringxit) mulai dibuka untuk arus balik hari ini,\" ujar juru bicara PT Jasa Marga Semarang-Batang, Iwan Abriyanto, dalam pesan singkatnya kepada wartawan, Senin (26/6).\r\n\r\nDengan dibukanya tol darurat ini untuk arus balik, kendaraan dari arah Jakarta menuju Semarang tidak boleh melintas. Tol darurat ini hanya untuk kendaraan yang melintas dari Semarang ke Jakarta.\r\n\r\n\"Petugas juga sudah memasang rambu untuk arus balik,\" ucapnya. ","timestamp":"2017-06-26T17:08:48.959Z"}
{"level":"info","message":"Jakarta - Hari ini jalan tol darurat Gringsing mengarah ke Brebes mulai dibuka menjelang arus balik Lebaran. Tercatat, ada 8.314 kendaraan yang melewati tol darurat tersebut. Hasil ini merupakan rekapitulasi pada pukul 12.00-18.00 WIB.\r\n\r\n\"Kendaraan roda empat yang masuk tol itu jumlahnya 8.314 unit,\" jelas operator call center Batang-Semarang Toll Road (BSTR) dari Satlantas Polres Batang, Bripda Restu, saat dihubungi detikcom, Senin (26/6/2017) malam.\r\n\r\nSatlantas Polres Batang melakukan pemantauan volume kendaraan yang melintasi tol darurat tersebut setiap 6 jam.\r\n\r\n\"Kami update setiap 6 jam. Data tadi adalah hasil rekap pukul 12.00 WIB sampai 18.00 WIB,\" kata Restu.\r\n\r\nDia menambahkan, kondisi arus balik mudik di ruas tol darurat saat ini kondusif. \"Masih lancar,\" ucap dia.\r\n\r\nTol darurat Gringsing-Brebes, yang sebelumnya ditutup karena ada perbaikan, mulai dibuka. Namun tol ini dibuka satu arah, hanya untuk arus balik.\r\n\r\n\"Exit Gringsing (Gringxit) mulai dibuka untuk arus balik hari ini,\" ujar juru bicara PT Jasa Marga Semarang-Batang, Iwan Abriyanto, dalam pesan singkatnya kepada wartawan, Senin (26/6).\r\n\r\nDengan dibukanya tol darurat ini untuk arus balik, kendaraan dari arah Jakarta menuju Semarang tidak boleh melintas. Tol darurat ini hanya untuk kendaraan yang melintas dari Semarang ke Jakarta.\r\n\r\n\"Petugas juga sudah memasang rambu untuk arus balik,\" ucapnya. ","timestamp":"2017-06-26T17:08:53.355Z"}
{"level":"info","message":"Dalam hukum perjanjian, dikenal sebuah asas, yaitu asas Pacta Sunt Servanda. Pacta Sunt Servanda pertama kali diperkenalkan oleh Grotius yang menjadi dasar hukum perikatan dengan mengambil prinsip-prinsip dalam hukum alam.\r\n\r\nBahwa seseorang yang mengikatkan diri pada sebuah janji mutlak untuk memenuhi janji tersebut (promissorum implendorum obligati).\r\n\r\nPacta Sunt Servanda atau aggrements must be kept merupakan asas hukum yang menyatakan bahwa: \"Setiap perjanjian menjadi hukum yang mengikat bagi para pihak yang melakukan perjanjian\".\r\n\r\nAsas ini menjadi juga dasar hukum Internasional karena termaktub dalam Pasal 26 Konvensi Wina 1969 yang menyatakan bahwa: \"Every treaty in force is binding upon the parties to it and must be performed by them in good faith\".\r\n\r\nDalam hukum nasional Indonesia, asas ini tertuang dalam Pasal 1338 Kitab Undang-Undang Hukum Perdata (KUHPer) yang menyatakan bahwa: \"Semua persetujuan yang dibuat secara sah sesuai dengan undang-undang berlaku sebagai undang-undang bagi mereka yang membuatnya\".\r\n\r\nItulah mengapa, perjanjian yang dibuat oleh para pihak harus dianggap suci. Ada sanctity of contract yang berlaku dalam sebuah kontrak.\r\n\r\nKesucian kontrak ini, menyangkut pula relasi pembentukan kontrak dengan syarat sah perjanjian yang diatur dalam Pasal 1320 KUHper. Salah satu syarat sah perjanjian yaitu adanya suatu sebab yang halal (lebih tepat disebut sebab yang diperbolehkan).\r\n\r\nSebab yang diperbolehkan tersebut, ditegaskan dalam Pasal 1337 KUHPerdata yaitu suatu sebab adalah terlarang, jika sebab itu dilarang oleh undang-undang atau bila sebab itu bertentangan dengan kesusilaan baik atau dengan ketertiban umum.\r\n\r\nArtinya, ketika Kontrak sudah ditandatangani maka kontrak mengikat kedua belah pihak, kecuali bila kontrak batal demi hukum atau dibatalkan karena tidak memenuhi syarat objektif atau subjektif sahnya sebuah perjanjian sebagaimana diatur dalam Pasal 1320 KUHPer.\r\n\r\nMemaknai hal di atas, KK PT FI sebagai sebuah kontrak tunduk pada ketentuan di atas. KK PT FI pun harus dianggap memiliki sanctity of contract dan atasnya berlaku asas pacta sunt servanda.\r\n","timestamp":"2017-06-26T17:09:27.362Z"}
{"level":"info","message":"Dalam hukum perjanjian, dikenal sebuah asas, yaitu asas Pacta Sunt Servanda. Pacta Sunt Servanda pertama kali diperkenalkan oleh Grotius yang menjadi dasar hukum perikatan dengan mengambil prinsip-prinsip dalam hukum alam.\r\n\r\nBahwa seseorang yang mengikatkan diri pada sebuah janji mutlak untuk memenuhi janji tersebut (promissorum implendorum obligati).\r\n\r\nPacta Sunt Servanda atau aggrements must be kept merupakan asas hukum yang menyatakan bahwa: \"Setiap perjanjian menjadi hukum yang mengikat bagi para pihak yang melakukan perjanjian\".\r\n\r\nAsas ini menjadi juga dasar hukum Internasional karena termaktub dalam Pasal 26 Konvensi Wina 1969 yang menyatakan bahwa: \"Every treaty in force is binding upon the parties to it and must be performed by them in good faith\".\r\n\r\nDalam hukum nasional Indonesia, asas ini tertuang dalam Pasal 1338 Kitab Undang-Undang Hukum Perdata (KUHPer) yang menyatakan bahwa: \"Semua persetujuan yang dibuat secara sah sesuai dengan undang-undang berlaku sebagai undang-undang bagi mereka yang membuatnya\".\r\n\r\nItulah mengapa, perjanjian yang dibuat oleh para pihak harus dianggap suci. Ada sanctity of contract yang berlaku dalam sebuah kontrak.\r\n\r\nKesucian kontrak ini, menyangkut pula relasi pembentukan kontrak dengan syarat sah perjanjian yang diatur dalam Pasal 1320 KUHper. Salah satu syarat sah perjanjian yaitu adanya suatu sebab yang halal (lebih tepat disebut sebab yang diperbolehkan).\r\n\r\nSebab yang diperbolehkan tersebut, ditegaskan dalam Pasal 1337 KUHPerdata yaitu suatu sebab adalah terlarang, jika sebab itu dilarang oleh undang-undang atau bila sebab itu bertentangan dengan kesusilaan baik atau dengan ketertiban umum.\r\n\r\nArtinya, ketika Kontrak sudah ditandatangani maka kontrak mengikat kedua belah pihak, kecuali bila kontrak batal demi hukum atau dibatalkan karena tidak memenuhi syarat objektif atau subjektif sahnya sebuah perjanjian sebagaimana diatur dalam Pasal 1320 KUHPer.\r\n\r\nMemaknai hal di atas, KK PT FI sebagai sebuah kontrak tunduk pada ketentuan di atas. KK PT FI pun harus dianggap memiliki sanctity of contract dan atasnya berlaku asas pacta sunt servanda.\r\n","timestamp":"2017-06-26T17:09:33.094Z"}
